<?xml version="1.0" encoding="UTF-8"?>
<testsuite name="unit.co.com.valtica.kitbasico.AfiliadoFacadeTestConStub" tests="2" skipped="0" failures="0" errors="0" timestamp="2019-03-29T13:48:41" hostname="quind" time="0.009">
  <properties/>
  <testcase name="noCrearAfiliadoMenor18Anios" classname="unit.co.com.valtica.kitbasico.AfiliadoFacadeTestConStub" time="0.005"/>
  <testcase name="crearAfiliadoMayor18Anios" classname="unit.co.com.valtica.kitbasico.AfiliadoFacadeTestConStub" time="0.003"/>
  <system-out><![CDATA[2019-03-29 08:48:41.288  INFO 20702 --- [    Test worker] .b.t.c.SpringBootTestContextBootstrapper : Neither @ContextConfiguration nor @ContextHierarchy found for test class [unit.co.com.valtica.kitbasico.AfiliadoFacadeTestConStub], using SpringBootContextLoader
2019-03-29 08:48:41.290  INFO 20702 --- [    Test worker] o.s.t.c.support.AbstractContextLoader    : Could not detect default resource locations for test class [unit.co.com.valtica.kitbasico.AfiliadoFacadeTestConStub]: no resource found for suffixes {-context.xml, Context.groovy}.
2019-03-29 08:48:41.295  INFO 20702 --- [    Test worker] .b.t.c.SpringBootTestContextBootstrapper : Loaded default TestExecutionListener class names from location [META-INF/spring.factories]: [org.springframework.boot.test.autoconfigure.restdocs.RestDocsTestExecutionListener, org.springframework.boot.test.autoconfigure.web.client.MockRestServiceServerResetTestExecutionListener, org.springframework.boot.test.autoconfigure.web.servlet.MockMvcPrintOnlyOnFailureTestExecutionListener, org.springframework.boot.test.autoconfigure.web.servlet.WebDriverTestExecutionListener, org.springframework.boot.test.mock.mockito.MockitoTestExecutionListener, org.springframework.boot.test.mock.mockito.ResetMocksTestExecutionListener, org.springframework.test.context.web.ServletTestExecutionListener, org.springframework.test.context.support.DirtiesContextBeforeModesTestExecutionListener, org.springframework.test.context.support.DependencyInjectionTestExecutionListener, org.springframework.test.context.support.DirtiesContextTestExecutionListener, org.springframework.test.context.transaction.TransactionalTestExecutionListener, org.springframework.test.context.jdbc.SqlScriptsTestExecutionListener]
2019-03-29 08:48:41.295  INFO 20702 --- [    Test worker] .b.t.c.SpringBootTestContextBootstrapper : Using TestExecutionListeners: [org.springframework.test.context.web.ServletTestExecutionListener@74861be3, org.springframework.test.context.support.DirtiesContextBeforeModesTestExecutionListener@6ff5b7e8, org.springframework.boot.test.mock.mockito.MockitoTestExecutionListener@6c3b3301, org.springframework.boot.test.autoconfigure.SpringBootDependencyInjectionTestExecutionListener@7d86c571, org.springframework.test.context.support.DirtiesContextTestExecutionListener@391b9021, org.springframework.test.context.transaction.TransactionalTestExecutionListener@7b133a1d, org.springframework.test.context.jdbc.SqlScriptsTestExecutionListener@4e05bd45, org.springframework.boot.test.autoconfigure.restdocs.RestDocsTestExecutionListener@5e354b9, org.springframework.boot.test.autoconfigure.web.client.MockRestServiceServerResetTestExecutionListener@601c56bc, org.springframework.boot.test.autoconfigure.web.servlet.MockMvcPrintOnlyOnFailureTestExecutionListener@2bd4b70, org.springframework.boot.test.autoconfigure.web.servlet.WebDriverTestExecutionListener@613131f7, org.springframework.boot.test.mock.mockito.ResetMocksTestExecutionListener@7e68e7f4]
]]></system-out>
  <system-err><![CDATA[]]></system-err>
</testsuite>
