<?xml version="1.0" encoding="UTF-8"?>
<testsuite name="unit.co.com.valtica.kitbasico.AfiliadoTest" tests="2" skipped="0" failures="0" errors="0" timestamp="2019-03-29T13:48:34" hostname="quind" time="0.013">
  <properties/>
  <testcase name="crearAfialiadoMenorDe18Anios" classname="unit.co.com.valtica.kitbasico.AfiliadoTest" time="0.012"/>
  <testcase name="crearAfialiadoMayorDe18Anios" classname="unit.co.com.valtica.kitbasico.AfiliadoTest" time="0.001"/>
  <system-out><![CDATA[]]></system-out>
  <system-err><![CDATA[]]></system-err>
</testsuite>
