<?xml version="1.0" encoding="UTF-8"?>
<testsuite name="unit.co.com.valtica.kitbasico.AfiliadoFacadeTestConFake" tests="2" skipped="0" failures="0" errors="0" timestamp="2019-03-29T13:48:41" hostname="quind" time="0.004">
  <properties/>
  <testcase name="noCrearAfiliadoMenor18Anios" classname="unit.co.com.valtica.kitbasico.AfiliadoFacadeTestConFake" time="0.001"/>
  <testcase name="crearAfiliadoMayor18Anios" classname="unit.co.com.valtica.kitbasico.AfiliadoFacadeTestConFake" time="0.002"/>
  <system-out><![CDATA[2019-03-29 08:48:41.309  INFO 20702 --- [    Test worker] .b.t.c.SpringBootTestContextBootstrapper : Neither @ContextConfiguration nor @ContextHierarchy found for test class [unit.co.com.valtica.kitbasico.AfiliadoFacadeTestConFake], using SpringBootContextLoader
2019-03-29 08:48:41.310  INFO 20702 --- [    Test worker] o.s.t.c.support.AbstractContextLoader    : Could not detect default resource locations for test class [unit.co.com.valtica.kitbasico.AfiliadoFacadeTestConFake]: no resource found for suffixes {-context.xml, Context.groovy}.
2019-03-29 08:48:41.314  INFO 20702 --- [    Test worker] .b.t.c.SpringBootTestContextBootstrapper : Loaded default TestExecutionListener class names from location [META-INF/spring.factories]: [org.springframework.boot.test.autoconfigure.restdocs.RestDocsTestExecutionListener, org.springframework.boot.test.autoconfigure.web.client.MockRestServiceServerResetTestExecutionListener, org.springframework.boot.test.autoconfigure.web.servlet.MockMvcPrintOnlyOnFailureTestExecutionListener, org.springframework.boot.test.autoconfigure.web.servlet.WebDriverTestExecutionListener, org.springframework.boot.test.mock.mockito.MockitoTestExecutionListener, org.springframework.boot.test.mock.mockito.ResetMocksTestExecutionListener, org.springframework.test.context.web.ServletTestExecutionListener, org.springframework.test.context.support.DirtiesContextBeforeModesTestExecutionListener, org.springframework.test.context.support.DependencyInjectionTestExecutionListener, org.springframework.test.context.support.DirtiesContextTestExecutionListener, org.springframework.test.context.transaction.TransactionalTestExecutionListener, org.springframework.test.context.jdbc.SqlScriptsTestExecutionListener]
2019-03-29 08:48:41.315  INFO 20702 --- [    Test worker] .b.t.c.SpringBootTestContextBootstrapper : Using TestExecutionListeners: [org.springframework.test.context.web.ServletTestExecutionListener@3297100b, org.springframework.test.context.support.DirtiesContextBeforeModesTestExecutionListener@ae221d4, org.springframework.boot.test.mock.mockito.MockitoTestExecutionListener@5a00a0bb, org.springframework.boot.test.autoconfigure.SpringBootDependencyInjectionTestExecutionListener@2cc325db, org.springframework.test.context.support.DirtiesContextTestExecutionListener@26de7f00, org.springframework.test.context.transaction.TransactionalTestExecutionListener@3da9168e, org.springframework.test.context.jdbc.SqlScriptsTestExecutionListener@62737cf8, org.springframework.boot.test.autoconfigure.restdocs.RestDocsTestExecutionListener@57ab6090, org.springframework.boot.test.autoconfigure.web.client.MockRestServiceServerResetTestExecutionListener@258331a, org.springframework.boot.test.autoconfigure.web.servlet.MockMvcPrintOnlyOnFailureTestExecutionListener@77b058b9, org.springframework.boot.test.autoconfigure.web.servlet.WebDriverTestExecutionListener@edd7e0b, org.springframework.boot.test.mock.mockito.ResetMocksTestExecutionListener@27e20a0]

  .   ____          _            __ _ _
 /\\ / ___'_ __ _ _(_)_ __  __ _ \ \ \ \
( ( )\___ | '_ | '_| | '_ \/ _` | \ \ \ \
 \\/  ___)| |_)| | | | | || (_| |  ) ) ) )
  '  |____| .__|_| |_|_| |_\__, | / / / /
 =========|_|==============|___/=/_/_/_/
 :: Spring Boot ::        (v2.0.0.RELEASE)

2019-03-29 08:48:41.354  INFO 20702 --- [    Test worker] u.c.c.v.k.AfiliadoFacadeTestConFake      : Starting AfiliadoFacadeTestConFake on quind with PID 20702 (started by jdominguez in /home/jdominguez/Documents/trainning/kit-basico/KitBasicoAutomApp)
2019-03-29 08:48:41.354  INFO 20702 --- [    Test worker] u.c.c.v.k.AfiliadoFacadeTestConFake      : The following profiles are active: test
2019-03-29 08:48:41.358  INFO 20702 --- [    Test worker] o.s.w.c.s.GenericWebApplicationContext   : Refreshing org.springframework.web.context.support.GenericWebApplicationContext@67e02695: startup date [Fri Mar 29 08:48:41 COT 2019]; root of context hierarchy
2019-03-29 08:48:41.412  INFO 20702 --- [    Test worker] u.c.c.v.k.AfiliadoFacadeTestConFake      : Started AfiliadoFacadeTestConFake in 0.094 seconds (JVM running for 7.872)
]]></system-out>
  <system-err><![CDATA[]]></system-err>
</testsuite>
